<?xml version="1.0" encoding="UTF-8"?>
<!-- Generated by org.testng.reporters.JUnitReportReporter -->
<testsuite skipped="0" hostname="saifkazi-pc" name="com.advantage.qa.testcases.CategoryPageTest" tests="2" failures="0" timestamp="12 Nov 2020 08:06:44 GMT" time="28.864" errors="0">
  <testcase name="checkButtonBuyNowTest" time="11.443" classname="com.advantage.qa.testcases.CategoryPageTest"/>
  <testcase name="filterProductsTest" time="17.421" classname="com.advantage.qa.testcases.CategoryPageTest"/>
</testsuite> <!-- com.advantage.qa.testcases.CategoryPageTest -->
