<?xml version="1.0" encoding="UTF-8"?>
<!-- Generated by org.testng.reporters.JUnitReportReporter -->
<testsuite skipped="0" hostname="saifkazi-pc" name="com.qa.test.DemoTest" tests="4" failures="0" timestamp="09 Nov 2020 05:42:28 GMT" time="0.016" errors="0">
  <testcase name="sub" time="0.000" classname="com.qa.test.DemoTest"/>
  <testcase name="sum" time="0.001" classname="com.qa.test.DemoTest"/>
  <testcase name="multi" time="0.001" classname="com.qa.test.DemoTest"/>
  <testcase name="div" time="0.014" classname="com.qa.test.DemoTest"/>
</testsuite> <!-- com.qa.test.DemoTest -->
