<?xml version="1.0" encoding="UTF-8"?>
<!-- Generated by org.testng.reporters.JUnitReportReporter -->
<testsuite skipped="0" hostname="saifkazi-pc" name="com.advantage.qa.testcases.ProductPageTest" tests="3" failures="0" timestamp="06 Dec 2020 05:33:55 GMT" time="14.020" errors="0">
  <testcase name="verifyAddToCartTest" time="13.449" classname="com.advantage.qa.testcases.ProductPageTest"/>
  <testcase name="validatePaymentDetails" time="0.529" classname="com.advantage.qa.testcases.ProductPageTest"/>
  <testcase name="checkPaymentButtonTest" time="0.042" classname="com.advantage.qa.testcases.ProductPageTest"/>
</testsuite> <!-- com.advantage.qa.testcases.ProductPageTest -->
